Using pre-set license
Built from '2021.1/staging' branch; Version is '2021.1.18f1 (25bdc3efbc2d) revision 2473411'; Using compiler version '192528614'; Build Type 'Release'
OS: 'Windows 10 Education; OS build 19042.1706; Version 2009; 64bit' Language: 'en' Physical Memory: 16280 MB
BatchMode: 1, IsHumanControllingUs: 0, StartBugReporterOnCrash: 0, Is64bit: 1, IsPro: 0

COMMAND LINE ARGUMENTS:
C:\Program Files\Unity\Hub\Editor\2021.1.18f1\Editor\Unity.exe
-adb2
-batchMode
-noUpm
-name
AssetImportWorker0
-projectPath
C:/temp/Riley/U13---Practical
-logFile
Logs/AssetImportWorker0.log
-srvPort
52824
Successfully changed project path to: C:/temp/Riley/U13---Practical
C:/temp/Riley/U13---Practical
Using Asset Import Pipeline V2.
Refreshing native plugins compatible for Editor in 92.18 ms, found 3 plugins.
Preloading 0 native plugins for Editor in 0.00 ms.
Initialize engine version: 2021.1.18f1 (25bdc3efbc2d)
[Subsystems] Discovering subsystems at path C:/Program Files/Unity/Hub/Editor/2021.1.18f1/Editor/Data/Resources/UnitySubsystems
[Subsystems] Discovering subsystems at path C:/temp/Riley/U13---Practical/Assets
GfxDevice: creating device client; threaded=0; jobified=0
Direct3D:
    Version:  Direct3D 11.0 [level 11.1]
    Renderer: NVIDIA GeForce RTX 3060 (ID=0x2504)
    Vendor:   NVIDIA
    VRAM:     12142 MB
    Driver:   30.0.15.1259
Initialize mono
Mono path[0] = 'C:/Program Files/Unity/Hub/Editor/2021.1.18f1/Editor/Data/Managed'
Mono path[1] = 'C:/Program Files/Unity/Hub/Editor/2021.1.18f1/Editor/Data/MonoBleedingEdge/lib/mono/unityjit'
Mono config path = 'C:/Program Files/Unity/Hub/Editor/2021.1.18f1/Editor/Data/MonoBleedingEdge/etc'
Using monoOptions --debugger-agent=transport=dt_socket,embedding=1,server=y,suspend=n,address=127.0.0.1:56876
Begin MonoManager ReloadAssembly
Registering precompiled unity dll's ...
Register platform support module: C:/Program Files/Unity/Hub/Editor/2021.1.18f1/Editor/Data/PlaybackEngines/WebGLSupport/UnityEditor.WebGL.Extensions.dll
Register platform support module: C:/Program Files/Unity/Hub/Editor/2021.1.18f1/Editor/Data/PlaybackEngines/MacStandaloneSupport/UnityEditor.OSXStandalone.Extensions.dll
Register platform support module: C:/Program Files/Unity/Hub/Editor/2021.1.18f1/Editor/Data/PlaybackEngines/WindowsStandaloneSupport/UnityEditor.WindowsStandalone.Extensions.dll
Register platform support module: C:/Program Files/Unity/Hub/Editor/2021.1.18f1/Editor/Data/PlaybackEngines/LinuxStandaloneSupport/UnityEditor.LinuxStandalone.Extensions.dll
Registered in 0.002682 seconds.
Native extension for LinuxStandalone target not found
Native extension for WindowsStandalone target not found
Native extension for OSXStandalone target not found
Native extension for WebGL target not found
Refreshing native plugins compatible for Editor in 93.29 ms, found 3 plugins.
Preloading 0 native plugins for Editor in 0.00 ms.
Mono: successfully reloaded assembly
- Completed reload, in  1.346 seconds
Domain Reload Profiling:
	ReloadAssembly (1346ms)
		BeginReloadAssembly (64ms)
			ExecutionOrderSort (0ms)
			DisableScriptedObjects (0ms)
			BackupInstance (0ms)
			ReleaseScriptingObjects (0ms)
			CreateAndSetChildDomain (1ms)
		EndReloadAssembly (471ms)
			LoadAssemblies (63ms)
			RebuildTransferFunctionScriptingTraits (0ms)
			SetupTypeCache (173ms)
			ReleaseScriptCaches (0ms)
			RebuildScriptCaches (28ms)
			SetupLoadedEditorAssemblies (226ms)
				LogAssemblyErrors (0ms)
				InitializePlatformSupportModulesInManaged (9ms)
				SetLoadedEditorAssemblies (0ms)
				RefreshPlugins (93ms)
				BeforeProcessingInitializeOnLoad (1ms)
				ProcessInitializeOnLoadAttributes (94ms)
				ProcessInitializeOnLoadMethodAttributes (28ms)
				AfterProcessingInitializeOnLoad (0ms)
				EditorAssembliesLoaded (0ms)
			ExecutionOrderSort2 (0ms)
			AwakeInstancesAfterBackupRestoration (0ms)
Platform modules already initialized, skipping
Registering precompiled user dll's ...
Registered in 0.004847 seconds.
Begin MonoManager ReloadAssembly
Symbol file LoadedFromMemory doesn't match image C:\temp\Riley\U13---Practical\Library\PackageCache\com.unity.visualscripting@1.6.1\Editor\VisualScripting.Core\Dependencies\YamlDotNet\Unity.VisualScripting.YamlDotNet.dll
Symbol file LoadedFromMemory doesn't match image C:\temp\Riley\U13---Practical\Library\PackageCache\com.unity.visualscripting@1.6.1\Editor\VisualScripting.Core\Dependencies\DotNetZip\Unity.VisualScripting.IonicZip.dll
Native extension for LinuxStandalone target not found
Native extension for WindowsStandalone target not found
Native extension for OSXStandalone target not found
Native extension for WebGL target not found
Refreshing native plugins compatible for Editor in 0.66 ms, found 3 plugins.
Preloading 0 native plugins for Editor in 0.00 ms.
Mono: successfully reloaded assembly
- Completed reload, in  3.211 seconds
Domain Reload Profiling:
	ReloadAssembly (3212ms)
		BeginReloadAssembly (860ms)
			ExecutionOrderSort (0ms)
			DisableScriptedObjects (4ms)
			BackupInstance (0ms)
			ReleaseScriptingObjects (0ms)
			CreateAndSetChildDomain (20ms)
		EndReloadAssembly (2195ms)
			LoadAssemblies (605ms)
			RebuildTransferFunctionScriptingTraits (0ms)
			SetupTypeCache (1225ms)
			ReleaseScriptCaches (56ms)
			RebuildScriptCaches (86ms)
			SetupLoadedEditorAssemblies (393ms)
				LogAssemblyErrors (0ms)
				InitializePlatformSupportModulesInManaged (7ms)
				SetLoadedEditorAssemblies (0ms)
				RefreshPlugins (1ms)
				BeforeProcessingInitializeOnLoad (75ms)
				ProcessInitializeOnLoadAttributes (300ms)
				ProcessInitializeOnLoadMethodAttributes (4ms)
				AfterProcessingInitializeOnLoad (6ms)
				EditorAssembliesLoaded (0ms)
			ExecutionOrderSort2 (0ms)
			AwakeInstancesAfterBackupRestoration (6ms)
Platform modules already initialized, skipping
========================================================================
Worker process is ready to serve import requests
Launched and connected shader compiler UnityShaderCompiler.exe after 0.07 seconds
Refreshing native plugins compatible for Editor in 0.58 ms, found 3 plugins.
Preloading 0 native plugins for Editor in 0.00 ms.
Unloading 3353 Unused Serialized files (Serialized files now loaded: 0)
System memory in use before: 124.5 MB.
System memory in use after: 124.6 MB.

Unloading 23 unused Assets to reduce memory usage. Loaded Objects now: 3798.
Total: 3.872200 ms (FindLiveObjects: 0.290800 ms CreateObjectMapping: 0.139000 ms MarkObjects: 3.333400 ms  DeleteObjects: 0.106400 ms)

AssetImportParameters requested are different than current active one (requested -> active):
  custom:framework-win-MediaFoundation: 216162199b28c13a410421893ffa2e32 -> 
  custom:video-decoder-ogg-theora: a1e56fd34408186e4bbccfd4996cb3dc -> 
  custom:container-muxer-webm: aa71ff27fc2769a1b78a27578f13a17b -> 
  custom:container-demuxer-webm: 4f35f7cbe854078d1ac9338744f61a02 -> 
  custom:container-demuxer-ogg: 62fdf1f143b41e24485cea50d1cbac27 -> 
  custom:video-encoder-webm-vp8: eb34c28f22e8b96e1ab97ce403110664 -> 
  custom:video-decoder-webm-vp8: 9c59270c3fd7afecdb556c50c9e8de78 -> 
  custom:audio-decoder-ogg-vorbis: bf7c407c2cedff20999df2af8eb42d56 -> 
  custom:audio-encoder-webm-vorbis: bf7c407c2cedff20999df2af8eb42d56 -> 
========================================================================
Received Import Request.
  path: Assets/Scenes
  artifactKey: Guid(ec0d1021704826542a60de2aa85a9767) Importer(815301076,1909f56bfc062723c751e8b465ee728b)
Start importing Assets/Scenes using Guid(ec0d1021704826542a60de2aa85a9767) Importer(815301076,1909f56bfc062723c751e8b465ee728b)  -> (artifact id: '36f11ca0f514c5c00e4dbdfaceb12d6f') in 0.012925 seconds 
========================================================================
Received Import Request.
  Time since last request: 0.000338 seconds.
  path: Assets/Scenes/PracticalU13.unity
  artifactKey: Guid(64fd8ac0dc75c1040a691d750c1fc570) Importer(815301076,1909f56bfc062723c751e8b465ee728b)
Start importing Assets/Scenes/PracticalU13.unity using Guid(64fd8ac0dc75c1040a691d750c1fc570) Importer(815301076,1909f56bfc062723c751e8b465ee728b)  -> (artifact id: '3212afb8a766a4b122e86b88d0be4fea') in 0.013511 seconds 
========================================================================
Received Prepare
Registering precompiled user dll's ...
Registered in 0.004273 seconds.
Begin MonoManager ReloadAssembly
Symbol file LoadedFromMemory doesn't match image C:\temp\Riley\U13---Practical\Library\PackageCache\com.unity.visualscripting@1.6.1\Editor\VisualScripting.Core\Dependencies\YamlDotNet\Unity.VisualScripting.YamlDotNet.dll
Symbol file LoadedFromMemory doesn't match image C:\temp\Riley\U13---Practical\Library\PackageCache\com.unity.visualscripting@1.6.1\Editor\VisualScripting.Core\Dependencies\DotNetZip\Unity.VisualScripting.IonicZip.dll
Native extension for LinuxStandalone target not found
Native extension for WindowsStandalone target not found
Native extension for OSXStandalone target not found
Native extension for WebGL target not found
Refreshing native plugins compatible for Editor in 1.00 ms, found 3 plugins.
Preloading 0 native plugins for Editor in 0.00 ms.
Mono: successfully reloaded assembly
- Completed reload, in  1.045 seconds
Domain Reload Profiling:
	ReloadAssembly (1045ms)
		BeginReloadAssembly (126ms)
			ExecutionOrderSort (0ms)
			DisableScriptedObjects (4ms)
			BackupInstance (0ms)
			ReleaseScriptingObjects (0ms)
			CreateAndSetChildDomain (37ms)
		EndReloadAssembly (866ms)
			LoadAssemblies (86ms)
			RebuildTransferFunctionScriptingTraits (0ms)
			SetupTypeCache (314ms)
			ReleaseScriptCaches (1ms)
			RebuildScriptCaches (37ms)
			SetupLoadedEditorAssemblies (347ms)
				LogAssemblyErrors (0ms)
				InitializePlatformSupportModulesInManaged (10ms)
				SetLoadedEditorAssemblies (1ms)
				RefreshPlugins (1ms)
				BeforeProcessingInitializeOnLoad (61ms)
				ProcessInitializeOnLoadAttributes (265ms)
				ProcessInitializeOnLoadMethodAttributes (3ms)
				AfterProcessingInitializeOnLoad (6ms)
				EditorAssembliesLoaded (0ms)
			ExecutionOrderSort2 (0ms)
			AwakeInstancesAfterBackupRestoration (6ms)
Platform modules already initialized, skipping
Refreshing native plugins compatible for Editor in 0.59 ms, found 3 plugins.
Preloading 0 native plugins for Editor in 0.00 ms.
Unloading 3328 Unused Serialized files (Serialized files now loaded: 0)
System memory in use before: 122.4 MB.
System memory in use after: 122.6 MB.

Unloading 18 unused Assets to reduce memory usage. Loaded Objects now: 3800.
Total: 2.980700 ms (FindLiveObjects: 0.215400 ms CreateObjectMapping: 0.138400 ms MarkObjects: 2.578200 ms  DeleteObjects: 0.047700 ms)

AssetImportParameters requested are different than current active one (requested -> active):
  custom:framework-win-MediaFoundation: 216162199b28c13a410421893ffa2e32 -> 
  custom:video-decoder-ogg-theora: a1e56fd34408186e4bbccfd4996cb3dc -> 
  custom:container-muxer-webm: aa71ff27fc2769a1b78a27578f13a17b -> 
  custom:container-demuxer-webm: 4f35f7cbe854078d1ac9338744f61a02 -> 
  custom:container-demuxer-ogg: 62fdf1f143b41e24485cea50d1cbac27 -> 
  custom:video-encoder-webm-vp8: eb34c28f22e8b96e1ab97ce403110664 -> 
  custom:video-decoder-webm-vp8: 9c59270c3fd7afecdb556c50c9e8de78 -> 
  custom:audio-decoder-ogg-vorbis: bf7c407c2cedff20999df2af8eb42d56 -> 
  custom:audio-encoder-webm-vorbis: bf7c407c2cedff20999df2af8eb42d56 -> 
========================================================================
Received Prepare
Registering precompiled user dll's ...
Registered in 0.005234 seconds.
Begin MonoManager ReloadAssembly
Symbol file LoadedFromMemory doesn't match image C:\temp\Riley\U13---Practical\Library\PackageCache\com.unity.visualscripting@1.6.1\Editor\VisualScripting.Core\Dependencies\YamlDotNet\Unity.VisualScripting.YamlDotNet.dll
Symbol file LoadedFromMemory doesn't match image C:\temp\Riley\U13---Practical\Library\PackageCache\com.unity.visualscripting@1.6.1\Editor\VisualScripting.Core\Dependencies\DotNetZip\Unity.VisualScripting.IonicZip.dll
Native extension for LinuxStandalone target not found
Native extension for WindowsStandalone target not found
Native extension for OSXStandalone target not found
Native extension for WebGL target not found
Refreshing native plugins compatible for Editor in 0.68 ms, found 3 plugins.
Preloading 0 native plugins for Editor in 0.00 ms.
Mono: successfully reloaded assembly
- Completed reload, in  1.236 seconds
Domain Reload Profiling:
	ReloadAssembly (1236ms)
		BeginReloadAssembly (133ms)
			ExecutionOrderSort (0ms)
			DisableScriptedObjects (5ms)
			BackupInstance (0ms)
			ReleaseScriptingObjects (0ms)
			CreateAndSetChildDomain (36ms)
		EndReloadAssembly (1038ms)
			LoadAssemblies (99ms)
			RebuildTransferFunctionScriptingTraits (0ms)
			SetupTypeCache (364ms)
			ReleaseScriptCaches (1ms)
			RebuildScriptCaches (42ms)
			SetupLoadedEditorAssemblies (401ms)
				LogAssemblyErrors (0ms)
				InitializePlatformSupportModulesInManaged (8ms)
				SetLoadedEditorAssemblies (1ms)
				RefreshPlugins (1ms)
				BeforeProcessingInitializeOnLoad (61ms)
				ProcessInitializeOnLoadAttributes (319ms)
				ProcessInitializeOnLoadMethodAttributes (5ms)
				AfterProcessingInitializeOnLoad (7ms)
				EditorAssembliesLoaded (0ms)
			ExecutionOrderSort2 (0ms)
			AwakeInstancesAfterBackupRestoration (8ms)
Platform modules already initialized, skipping
Refreshing native plugins compatible for Editor in 0.78 ms, found 3 plugins.
Preloading 0 native plugins for Editor in 0.00 ms.
Unloading 3328 Unused Serialized files (Serialized files now loaded: 0)
System memory in use before: 122.5 MB.
System memory in use after: 122.7 MB.

Unloading 18 unused Assets to reduce memory usage. Loaded Objects now: 3802.
Total: 3.521000 ms (FindLiveObjects: 0.277400 ms CreateObjectMapping: 0.232300 ms MarkObjects: 2.963800 ms  DeleteObjects: 0.046500 ms)

AssetImportParameters requested are different than current active one (requested -> active):
  custom:framework-win-MediaFoundation: 216162199b28c13a410421893ffa2e32 -> 
  custom:video-decoder-ogg-theora: a1e56fd34408186e4bbccfd4996cb3dc -> 
  custom:container-muxer-webm: aa71ff27fc2769a1b78a27578f13a17b -> 
  custom:container-demuxer-webm: 4f35f7cbe854078d1ac9338744f61a02 -> 
  custom:container-demuxer-ogg: 62fdf1f143b41e24485cea50d1cbac27 -> 
  custom:video-encoder-webm-vp8: eb34c28f22e8b96e1ab97ce403110664 -> 
  custom:video-decoder-webm-vp8: 9c59270c3fd7afecdb556c50c9e8de78 -> 
  custom:audio-decoder-ogg-vorbis: bf7c407c2cedff20999df2af8eb42d56 -> 
  custom:audio-encoder-webm-vorbis: bf7c407c2cedff20999df2af8eb42d56 -> 
========================================================================
Received Import Request.
  Time since last request: 1661.977269 seconds.
  path: Assets/Scripts/EnemyScript1.cs
  artifactKey: Guid(e902e135e3ab55e439c8d5371b531c12) Importer(815301076,1909f56bfc062723c751e8b465ee728b)
Start importing Assets/Scripts/EnemyScript1.cs using Guid(e902e135e3ab55e439c8d5371b531c12) Importer(815301076,1909f56bfc062723c751e8b465ee728b)  -> (artifact id: '6d3ce10f780caaab615c6514e842a8e7') in 0.025282 seconds 
========================================================================
Received Import Request.
  Time since last request: 0.346242 seconds.
  path: Assets/Scripts/EasyEnemies.cs
  artifactKey: Guid(3d81bfdd6d00de845821c4617d8f34ed) Importer(815301076,1909f56bfc062723c751e8b465ee728b)
Start importing Assets/Scripts/EasyEnemies.cs using Guid(3d81bfdd6d00de845821c4617d8f34ed) Importer(815301076,1909f56bfc062723c751e8b465ee728b)  -> (artifact id: 'caddb221ad9bc61d6336193f17532941') in 0.005461 seconds 
========================================================================
Received Import Request.
  Time since last request: 1730.603562 seconds.
  path: Assets/Materials/Door Floor.mat
  artifactKey: Guid(0ac3f3a90138f984db83a8aef2e24e7a) Importer(815301076,1909f56bfc062723c751e8b465ee728b)
Start importing Assets/Materials/Door Floor.mat using Guid(0ac3f3a90138f984db83a8aef2e24e7a) Importer(815301076,1909f56bfc062723c751e8b465ee728b)  -> (artifact id: 'b3bf9191ca9ce7014a4899f69d4c6885') in 0.091114 seconds 
========================================================================
Received Import Request.
  Time since last request: 0.000204 seconds.
  path: Assets/Materials/Floor.mat
  artifactKey: Guid(5b09073dd0860034abd3e2f914aa2c46) Importer(815301076,1909f56bfc062723c751e8b465ee728b)
Start importing Assets/Materials/Floor.mat using Guid(5b09073dd0860034abd3e2f914aa2c46) Importer(815301076,1909f56bfc062723c751e8b465ee728b)  -> (artifact id: '5ee1d4a6cc8144eff121a41ca6202b30') in 0.010900 seconds 
========================================================================
Received Import Request.
  Time since last request: 0.000189 seconds.
  path: Assets/Materials/Wall.mat
  artifactKey: Guid(15ea97d8bcca3fb47b408e19860a2563) Importer(815301076,1909f56bfc062723c751e8b465ee728b)
Start importing Assets/Materials/Wall.mat using Guid(15ea97d8bcca3fb47b408e19860a2563) Importer(815301076,1909f56bfc062723c751e8b465ee728b)  -> (artifact id: '367283e1fed4650650a9baec3b868031') in 0.210882 seconds 
========================================================================
Received Import Request.
  Time since last request: 0.000193 seconds.
  path: Assets/Materials/New Piskel (5).png
  artifactKey: Guid(b19eeb26c155c644694aea879a7a4c61) Importer(815301076,1909f56bfc062723c751e8b465ee728b)
Start importing Assets/Materials/New Piskel (5).png using Guid(b19eeb26c155c644694aea879a7a4c61) Importer(815301076,1909f56bfc062723c751e8b465ee728b)  -> (artifact id: 'bcb0d6733351556fb5d5e7be38d8d2b0') in 0.764013 seconds 
========================================================================
Received Import Request.
  Time since last request: 0.000114 seconds.
  path: Assets/Materials/New Material 1.mat
  artifactKey: Guid(b1e4167c6fdb14a49b35259aeccc13ce) Importer(815301076,1909f56bfc062723c751e8b465ee728b)
Start importing Assets/Materials/New Material 1.mat using Guid(b1e4167c6fdb14a49b35259aeccc13ce) Importer(815301076,1909f56bfc062723c751e8b465ee728b)  -> (artifact id: 'bb24808d57b63dddde8b1553e815cdd7') in 0.010586 seconds 
========================================================================
Received Import Request.
  Time since last request: 0.000130 seconds.
  path: Assets/Materials/Player.mat
  artifactKey: Guid(e18bd3c786aed9a4f91da604a6fc3781) Importer(815301076,1909f56bfc062723c751e8b465ee728b)
Start importing Assets/Materials/Player.mat using Guid(e18bd3c786aed9a4f91da604a6fc3781) Importer(815301076,1909f56bfc062723c751e8b465ee728b)  -> (artifact id: 'a9747357ba7499f88bc67d5c1fcab731') in 0.009966 seconds 
========================================================================
Received Import Request.
  Time since last request: 0.000119 seconds.
  path: Assets/Materials/New Material.mat
  artifactKey: Guid(cf6a4f8c9c9a9de49921344dd70e48f6) Importer(815301076,1909f56bfc062723c751e8b465ee728b)
Start importing Assets/Materials/New Material.mat using Guid(cf6a4f8c9c9a9de49921344dd70e48f6) Importer(815301076,1909f56bfc062723c751e8b465ee728b)  -> (artifact id: '3c1072c203b4d6ad2ef03919eb59655f') in 0.010008 seconds 
========================================================================
Received Import Request.
  Time since last request: 0.025125 seconds.
  path: Assets/Prefabs/Room 1.prefab
  artifactKey: Guid(231bcd660c98b934e95ab5cf7b796820) Importer(815301076,1909f56bfc062723c751e8b465ee728b)
Start importing Assets/Prefabs/Room 1.prefab using Guid(231bcd660c98b934e95ab5cf7b796820) Importer(815301076,1909f56bfc062723c751e8b465ee728b)  -> (artifact id: '156d1cc3e7038b7ce98876151fbfcfc3') in 0.031148 seconds 
========================================================================
Received Import Request.
  Time since last request: 0.000190 seconds.
  path: Assets/Prefabs/Room 3.prefab
  artifactKey: Guid(8c0c3e8decca31c4da21db0d0460a106) Importer(815301076,1909f56bfc062723c751e8b465ee728b)
Start importing Assets/Prefabs/Room 3.prefab using Guid(8c0c3e8decca31c4da21db0d0460a106) Importer(815301076,1909f56bfc062723c751e8b465ee728b)  -> (artifact id: '353d61e540cbd227d49e9580d2846d79') in 0.008808 seconds 
========================================================================
Received Import Request.
  Time since last request: 0.000202 seconds.
  path: Assets/Prefabs/ROOM 2.prefab
  artifactKey: Guid(b4c5ab517c7620f4cbae3e3d5080d5f1) Importer(815301076,1909f56bfc062723c751e8b465ee728b)
Start importing Assets/Prefabs/ROOM 2.prefab using Guid(b4c5ab517c7620f4cbae3e3d5080d5f1) Importer(815301076,1909f56bfc062723c751e8b465ee728b)  -> (artifact id: '30892f957a5f45a03db0e204eac393a0') in 0.007735 seconds 
========================================================================
Received Import Request.
  Time since last request: 0.000174 seconds.
  path: Assets/Prefabs/Room Two.prefab
  artifactKey: Guid(264e3efa440a87943a6b868386469a16) Importer(815301076,1909f56bfc062723c751e8b465ee728b)
Start importing Assets/Prefabs/Room Two.prefab using Guid(264e3efa440a87943a6b868386469a16) Importer(815301076,1909f56bfc062723c751e8b465ee728b)  -> (artifact id: 'd203a0a9746920e0555198e2f5d90199') in 0.007803 seconds 
========================================================================
Received Import Request.
  Time since last request: 0.000238 seconds.
  path: Assets/Prefabs/Room 4.prefab
  artifactKey: Guid(8078f4a8e9dbe2e46b4b69fd4a687e0a) Importer(815301076,1909f56bfc062723c751e8b465ee728b)
Start importing Assets/Prefabs/Room 4.prefab using Guid(8078f4a8e9dbe2e46b4b69fd4a687e0a) Importer(815301076,1909f56bfc062723c751e8b465ee728b)  -> (artifact id: '94eb79b11c9b94bdc7feece8f4e90b8b') in 0.009427 seconds 
========================================================================
Received Prepare
Registering precompiled user dll's ...
Registered in 0.004571 seconds.
Begin MonoManager ReloadAssembly
Symbol file LoadedFromMemory doesn't match image C:\temp\Riley\U13---Practical\Library\PackageCache\com.unity.visualscripting@1.6.1\Editor\VisualScripting.Core\Dependencies\YamlDotNet\Unity.VisualScripting.YamlDotNet.dll
Symbol file LoadedFromMemory doesn't match image C:\temp\Riley\U13---Practical\Library\PackageCache\com.unity.visualscripting@1.6.1\Editor\VisualScripting.Core\Dependencies\DotNetZip\Unity.VisualScripting.IonicZip.dll
Native extension for LinuxStandalone target not found
Native extension for WindowsStandalone target not found
Native extension for OSXStandalone target not found
Native extension for WebGL target not found
Refreshing native plugins compatible for Editor in 0.60 ms, found 3 plugins.
Preloading 0 native plugins for Editor in 0.00 ms.
Mono: successfully reloaded assembly
- Completed reload, in  1.118 seconds
Domain Reload Profiling:
	ReloadAssembly (1118ms)
		BeginReloadAssembly (130ms)
			ExecutionOrderSort (0ms)
			DisableScriptedObjects (4ms)
			BackupInstance (0ms)
			ReleaseScriptingObjects (0ms)
			CreateAndSetChildDomain (41ms)
		EndReloadAssembly (927ms)
			LoadAssemblies (92ms)
			RebuildTransferFunctionScriptingTraits (0ms)
			SetupTypeCache (341ms)
			ReleaseScriptCaches (1ms)
			RebuildScriptCaches (40ms)
			SetupLoadedEditorAssemblies (359ms)
				LogAssemblyErrors (0ms)
				InitializePlatformSupportModulesInManaged (9ms)
				SetLoadedEditorAssemblies (0ms)
				RefreshPlugins (1ms)
				BeforeProcessingInitializeOnLoad (58ms)
				ProcessInitializeOnLoadAttributes (281ms)
				ProcessInitializeOnLoadMethodAttributes (4ms)
				AfterProcessingInitializeOnLoad (6ms)
				EditorAssembliesLoaded (0ms)
			ExecutionOrderSort2 (0ms)
			AwakeInstancesAfterBackupRestoration (10ms)
Platform modules already initialized, skipping
Refreshing native plugins compatible for Editor in 0.58 ms, found 3 plugins.
Preloading 0 native plugins for Editor in 0.00 ms.
Unloading 3329 Unused Serialized files (Serialized files now loaded: 0)
System memory in use before: 127.6 MB.
System memory in use after: 127.8 MB.

Unloading 18 unused Assets to reduce memory usage. Loaded Objects now: 3862.
Total: 3.230400 ms (FindLiveObjects: 0.223000 ms CreateObjectMapping: 0.125100 ms MarkObjects: 2.818300 ms  DeleteObjects: 0.062800 ms)

AssetImportParameters requested are different than current active one (requested -> active):
  custom:framework-win-MediaFoundation: 216162199b28c13a410421893ffa2e32 -> 
  custom:video-decoder-ogg-theora: a1e56fd34408186e4bbccfd4996cb3dc -> 
  custom:container-muxer-webm: aa71ff27fc2769a1b78a27578f13a17b -> 
  custom:container-demuxer-webm: 4f35f7cbe854078d1ac9338744f61a02 -> 
  custom:container-demuxer-ogg: 62fdf1f143b41e24485cea50d1cbac27 -> 
  custom:video-encoder-webm-vp8: eb34c28f22e8b96e1ab97ce403110664 -> 
  custom:video-decoder-webm-vp8: 9c59270c3fd7afecdb556c50c9e8de78 -> 
  custom:audio-decoder-ogg-vorbis: bf7c407c2cedff20999df2af8eb42d56 -> 
  custom:audio-encoder-webm-vorbis: bf7c407c2cedff20999df2af8eb42d56 -> 
========================================================================
Received Import Request.
  Time since last request: 19.752746 seconds.
  path: Assets/Prefabs/ROOM 2.prefab
  artifactKey: Guid(b4c5ab517c7620f4cbae3e3d5080d5f1) Importer(815301076,1909f56bfc062723c751e8b465ee728b)
Start importing Assets/Prefabs/ROOM 2.prefab using Guid(b4c5ab517c7620f4cbae3e3d5080d5f1) Importer(815301076,1909f56bfc062723c751e8b465ee728b)  -> (artifact id: 'e52943f4ec6df4f076d681091de4901e') in 0.040913 seconds 
========================================================================
Received Import Request.
  Time since last request: 4.352579 seconds.
  path: Assets/Prefabs/ROOM 2.prefab
  artifactKey: Guid(b4c5ab517c7620f4cbae3e3d5080d5f1) Importer(815301076,1909f56bfc062723c751e8b465ee728b)
Start importing Assets/Prefabs/ROOM 2.prefab using Guid(b4c5ab517c7620f4cbae3e3d5080d5f1) Importer(815301076,1909f56bfc062723c751e8b465ee728b)  -> (artifact id: '7eada5c37bd565e415bafb3833400d54') in 0.004439 seconds 
========================================================================
Received Import Request.
  Time since last request: 3.429595 seconds.
  path: Assets/Prefabs/ROOM 2.prefab
  artifactKey: Guid(b4c5ab517c7620f4cbae3e3d5080d5f1) Importer(815301076,1909f56bfc062723c751e8b465ee728b)
Start importing Assets/Prefabs/ROOM 2.prefab using Guid(b4c5ab517c7620f4cbae3e3d5080d5f1) Importer(815301076,1909f56bfc062723c751e8b465ee728b)  -> (artifact id: 'e5207f8ac17697c104d60c6d33c48abc') in 0.004260 seconds 
========================================================================
Received Import Request.
  Time since last request: 6.228711 seconds.
  path: Assets/Prefabs/ROOM 2.prefab
  artifactKey: Guid(b4c5ab517c7620f4cbae3e3d5080d5f1) Importer(815301076,1909f56bfc062723c751e8b465ee728b)
Start importing Assets/Prefabs/ROOM 2.prefab using Guid(b4c5ab517c7620f4cbae3e3d5080d5f1) Importer(815301076,1909f56bfc062723c751e8b465ee728b)  -> (artifact id: '6a0b8f124124300022ad47120d86b37b') in 0.005294 seconds 
========================================================================
Received Import Request.
  Time since last request: 2.398041 seconds.
  path: Assets/Prefabs/ROOM 2.prefab
  artifactKey: Guid(b4c5ab517c7620f4cbae3e3d5080d5f1) Importer(815301076,1909f56bfc062723c751e8b465ee728b)
Start importing Assets/Prefabs/ROOM 2.prefab using Guid(b4c5ab517c7620f4cbae3e3d5080d5f1) Importer(815301076,1909f56bfc062723c751e8b465ee728b)  -> (artifact id: 'f2f19f85fe9c0e5d8186ec217a790d89') in 0.004249 seconds 
========================================================================
Received Import Request.
  Time since last request: 3.219296 seconds.
  path: Assets/Prefabs/ROOM 2.prefab
  artifactKey: Guid(b4c5ab517c7620f4cbae3e3d5080d5f1) Importer(815301076,1909f56bfc062723c751e8b465ee728b)
Start importing Assets/Prefabs/ROOM 2.prefab using Guid(b4c5ab517c7620f4cbae3e3d5080d5f1) Importer(815301076,1909f56bfc062723c751e8b465ee728b)  -> (artifact id: '998ce3c05fec73b051b7eae5b2bdd702') in 0.005163 seconds 
========================================================================
Received Import Request.
  Time since last request: 2.001419 seconds.
  path: Assets/Prefabs/ROOM 2.prefab
  artifactKey: Guid(b4c5ab517c7620f4cbae3e3d5080d5f1) Importer(815301076,1909f56bfc062723c751e8b465ee728b)
Start importing Assets/Prefabs/ROOM 2.prefab using Guid(b4c5ab517c7620f4cbae3e3d5080d5f1) Importer(815301076,1909f56bfc062723c751e8b465ee728b)  -> (artifact id: '56d3a38e2b95b38b7a957e1b3e48da20') in 0.005053 seconds 
========================================================================
Received Import Request.
  Time since last request: 18.514517 seconds.
  path: Assets/Prefabs/Room Two.prefab
  artifactKey: Guid(264e3efa440a87943a6b868386469a16) Importer(815301076,1909f56bfc062723c751e8b465ee728b)
Start importing Assets/Prefabs/Room Two.prefab using Guid(264e3efa440a87943a6b868386469a16) Importer(815301076,1909f56bfc062723c751e8b465ee728b)  -> (artifact id: '1799e4aaadaaf4ca1c5a9ae32411ece0') in 0.005377 seconds 
========================================================================
Received Import Request.
  Time since last request: 4.216025 seconds.
  path: Assets/Prefabs/Room Two.prefab
  artifactKey: Guid(264e3efa440a87943a6b868386469a16) Importer(815301076,1909f56bfc062723c751e8b465ee728b)
Start importing Assets/Prefabs/Room Two.prefab using Guid(264e3efa440a87943a6b868386469a16) Importer(815301076,1909f56bfc062723c751e8b465ee728b)  -> (artifact id: 'cb649c8fff5b8937a2be5a0c76b3bd94') in 0.004563 seconds 
========================================================================
Received Import Request.
  Time since last request: 4.696916 seconds.
  path: Assets/Prefabs/Room Two.prefab
  artifactKey: Guid(264e3efa440a87943a6b868386469a16) Importer(815301076,1909f56bfc062723c751e8b465ee728b)
Start importing Assets/Prefabs/Room Two.prefab using Guid(264e3efa440a87943a6b868386469a16) Importer(815301076,1909f56bfc062723c751e8b465ee728b)  -> (artifact id: 'aa787e57e91a2ac8b618c31dc465e2f3') in 0.004601 seconds 
========================================================================
Received Import Request.
  Time since last request: 12.590614 seconds.
  path: Assets/Prefabs/Room 3.prefab
  artifactKey: Guid(8c0c3e8decca31c4da21db0d0460a106) Importer(815301076,1909f56bfc062723c751e8b465ee728b)
Start importing Assets/Prefabs/Room 3.prefab using Guid(8c0c3e8decca31c4da21db0d0460a106) Importer(815301076,1909f56bfc062723c751e8b465ee728b)  -> (artifact id: '13df31ffa3c36dc4f9cd810c350baa00') in 0.004557 seconds 
========================================================================
Received Import Request.
  Time since last request: 2.617708 seconds.
  path: Assets/Prefabs/Room 3.prefab
  artifactKey: Guid(8c0c3e8decca31c4da21db0d0460a106) Importer(815301076,1909f56bfc062723c751e8b465ee728b)
Start importing Assets/Prefabs/Room 3.prefab using Guid(8c0c3e8decca31c4da21db0d0460a106) Importer(815301076,1909f56bfc062723c751e8b465ee728b)  -> (artifact id: 'b71c967fdfe49c2c4110ccf3b53fe0b4') in 0.004567 seconds 
========================================================================
Received Import Request.
  Time since last request: 5.028606 seconds.
  path: Assets/Prefabs/Room 3.prefab
  artifactKey: Guid(8c0c3e8decca31c4da21db0d0460a106) Importer(815301076,1909f56bfc062723c751e8b465ee728b)
Start importing Assets/Prefabs/Room 3.prefab using Guid(8c0c3e8decca31c4da21db0d0460a106) Importer(815301076,1909f56bfc062723c751e8b465ee728b)  -> (artifact id: '4e1897dce2fa233d920bd82cdadc91f4') in 0.004720 seconds 
========================================================================
Received Import Request.
  Time since last request: 4.632524 seconds.
  path: Assets/Prefabs/Room 3.prefab
  artifactKey: Guid(8c0c3e8decca31c4da21db0d0460a106) Importer(815301076,1909f56bfc062723c751e8b465ee728b)
Start importing Assets/Prefabs/Room 3.prefab using Guid(8c0c3e8decca31c4da21db0d0460a106) Importer(815301076,1909f56bfc062723c751e8b465ee728b)  -> (artifact id: 'b9d664dbd0caa42bab3da3e8d225cac1') in 0.004698 seconds 
========================================================================
Received Import Request.
  Time since last request: 4.014487 seconds.
  path: Assets/Prefabs/Room 3.prefab
  artifactKey: Guid(8c0c3e8decca31c4da21db0d0460a106) Importer(815301076,1909f56bfc062723c751e8b465ee728b)
Start importing Assets/Prefabs/Room 3.prefab using Guid(8c0c3e8decca31c4da21db0d0460a106) Importer(815301076,1909f56bfc062723c751e8b465ee728b)  -> (artifact id: '0e3c25ff566460db1392bc9929e3277e') in 0.006065 seconds 
========================================================================
Received Import Request.
  Time since last request: 6.638459 seconds.
  path: Assets/Prefabs/Room 3.prefab
  artifactKey: Guid(8c0c3e8decca31c4da21db0d0460a106) Importer(815301076,1909f56bfc062723c751e8b465ee728b)
Start importing Assets/Prefabs/Room 3.prefab using Guid(8c0c3e8decca31c4da21db0d0460a106) Importer(815301076,1909f56bfc062723c751e8b465ee728b)  -> (artifact id: '3e2fafe969d4374e833c220db5934fca') in 0.004975 seconds 
========================================================================
Received Import Request.
  Time since last request: 6.437125 seconds.
  path: Assets/Prefabs/Room 3.prefab
  artifactKey: Guid(8c0c3e8decca31c4da21db0d0460a106) Importer(815301076,1909f56bfc062723c751e8b465ee728b)
Start importing Assets/Prefabs/Room 3.prefab using Guid(8c0c3e8decca31c4da21db0d0460a106) Importer(815301076,1909f56bfc062723c751e8b465ee728b)  -> (artifact id: 'c8c8ad13b1733ff409b0371d2a3bc0f2') in 0.005113 seconds 
========================================================================
Received Import Request.
  Time since last request: 6.728951 seconds.
  path: Assets/Prefabs/Room 3.prefab
  artifactKey: Guid(8c0c3e8decca31c4da21db0d0460a106) Importer(815301076,1909f56bfc062723c751e8b465ee728b)
Start importing Assets/Prefabs/Room 3.prefab using Guid(8c0c3e8decca31c4da21db0d0460a106) Importer(815301076,1909f56bfc062723c751e8b465ee728b)  -> (artifact id: 'd704edecc0185cd83f1f96acfc1ddb85') in 0.004597 seconds 
========================================================================
Received Import Request.
  Time since last request: 21.027098 seconds.
  path: Assets/Prefabs/Room Two.prefab
  artifactKey: Guid(264e3efa440a87943a6b868386469a16) Importer(815301076,1909f56bfc062723c751e8b465ee728b)
Start importing Assets/Prefabs/Room Two.prefab using Guid(264e3efa440a87943a6b868386469a16) Importer(815301076,1909f56bfc062723c751e8b465ee728b)  -> (artifact id: 'dae927e7b4cb0c3c4c4ad5215c0ee79f') in 0.004463 seconds 
========================================================================
Received Import Request.
  Time since last request: 2.628076 seconds.
  path: Assets/Prefabs/Room Two.prefab
  artifactKey: Guid(264e3efa440a87943a6b868386469a16) Importer(815301076,1909f56bfc062723c751e8b465ee728b)
Start importing Assets/Prefabs/Room Two.prefab using Guid(264e3efa440a87943a6b868386469a16) Importer(815301076,1909f56bfc062723c751e8b465ee728b)  -> (artifact id: 'e294f7e939f14ef275cc6c789c0f3a31') in 0.004362 seconds 
========================================================================
Received Import Request.
  Time since last request: 25.316476 seconds.
  path: Assets/Prefabs/Room 1.prefab
  artifactKey: Guid(231bcd660c98b934e95ab5cf7b796820) Importer(815301076,1909f56bfc062723c751e8b465ee728b)
Start importing Assets/Prefabs/Room 1.prefab using Guid(231bcd660c98b934e95ab5cf7b796820) Importer(815301076,1909f56bfc062723c751e8b465ee728b)  -> (artifact id: 'bd027aed1ee27d74da56b76b206490d8') in 0.004140 seconds 
========================================================================
Received Import Request.
  Time since last request: 4.199639 seconds.
  path: Assets/Prefabs/Room 1.prefab
  artifactKey: Guid(231bcd660c98b934e95ab5cf7b796820) Importer(815301076,1909f56bfc062723c751e8b465ee728b)
Start importing Assets/Prefabs/Room 1.prefab using Guid(231bcd660c98b934e95ab5cf7b796820) Importer(815301076,1909f56bfc062723c751e8b465ee728b)  -> (artifact id: 'afb810dc2d7d5d6d6fd243eeef73d393') in 0.004063 seconds 
========================================================================
Received Import Request.
  Time since last request: 23.596009 seconds.
  path: Assets/Prefabs/ROOM 2.prefab
  artifactKey: Guid(b4c5ab517c7620f4cbae3e3d5080d5f1) Importer(815301076,1909f56bfc062723c751e8b465ee728b)
Start importing Assets/Prefabs/ROOM 2.prefab using Guid(b4c5ab517c7620f4cbae3e3d5080d5f1) Importer(815301076,1909f56bfc062723c751e8b465ee728b)  -> (artifact id: '5534aae6ab953784c88d037b2f3e2552') in 0.004689 seconds 
========================================================================
Received Import Request.
  Time since last request: 1.997798 seconds.
  path: Assets/Prefabs/ROOM 2.prefab
  artifactKey: Guid(b4c5ab517c7620f4cbae3e3d5080d5f1) Importer(815301076,1909f56bfc062723c751e8b465ee728b)
Start importing Assets/Prefabs/ROOM 2.prefab using Guid(b4c5ab517c7620f4cbae3e3d5080d5f1) Importer(815301076,1909f56bfc062723c751e8b465ee728b)  -> (artifact id: '0696e08b4d432175925c92ebeee0160a') in 0.005394 seconds 
========================================================================
Received Import Request.
  Time since last request: 3.809339 seconds.
  path: Assets/Prefabs/ROOM 2.prefab
  artifactKey: Guid(b4c5ab517c7620f4cbae3e3d5080d5f1) Importer(815301076,1909f56bfc062723c751e8b465ee728b)
Start importing Assets/Prefabs/ROOM 2.prefab using Guid(b4c5ab517c7620f4cbae3e3d5080d5f1) Importer(815301076,1909f56bfc062723c751e8b465ee728b)  -> (artifact id: '764fa4a4163511e69c5ab07491822918') in 0.004360 seconds 
========================================================================
Received Import Request.
  Time since last request: 2.612484 seconds.
  path: Assets/Prefabs/ROOM 2.prefab
  artifactKey: Guid(b4c5ab517c7620f4cbae3e3d5080d5f1) Importer(815301076,1909f56bfc062723c751e8b465ee728b)
Start importing Assets/Prefabs/ROOM 2.prefab using Guid(b4c5ab517c7620f4cbae3e3d5080d5f1) Importer(815301076,1909f56bfc062723c751e8b465ee728b)  -> (artifact id: '2fce39f9a2d4d9a79df2bc287d6c9c56') in 0.005160 seconds 
========================================================================
Received Import Request.
  Time since last request: 2.609451 seconds.
  path: Assets/Prefabs/ROOM 2.prefab
  artifactKey: Guid(b4c5ab517c7620f4cbae3e3d5080d5f1) Importer(815301076,1909f56bfc062723c751e8b465ee728b)
Start importing Assets/Prefabs/ROOM 2.prefab using Guid(b4c5ab517c7620f4cbae3e3d5080d5f1) Importer(815301076,1909f56bfc062723c751e8b465ee728b)  -> (artifact id: '3a848883d373a42aebf4a96cb501dcd8') in 0.005048 seconds 
========================================================================
Received Prepare
Registering precompiled user dll's ...
Registered in 0.004548 seconds.
Begin MonoManager ReloadAssembly
Symbol file LoadedFromMemory doesn't match image C:\temp\Riley\U13---Practical\Library\PackageCache\com.unity.visualscripting@1.6.1\Editor\VisualScripting.Core\Dependencies\YamlDotNet\Unity.VisualScripting.YamlDotNet.dll
Symbol file LoadedFromMemory doesn't match image C:\temp\Riley\U13---Practical\Library\PackageCache\com.unity.visualscripting@1.6.1\Editor\VisualScripting.Core\Dependencies\DotNetZip\Unity.VisualScripting.IonicZip.dll
Native extension for LinuxStandalone target not found
Native extension for WindowsStandalone target not found
Native extension for OSXStandalone target not found
Native extension for WebGL target not found
Refreshing native plugins compatible for Editor in 0.63 ms, found 3 plugins.
Preloading 0 native plugins for Editor in 0.00 ms.
Mono: successfully reloaded assembly
- Completed reload, in  1.082 seconds
Domain Reload Profiling:
	ReloadAssembly (1082ms)
		BeginReloadAssembly (121ms)
			ExecutionOrderSort (0ms)
			DisableScriptedObjects (5ms)
			BackupInstance (0ms)
			ReleaseScriptingObjects (0ms)
			CreateAndSetChildDomain (33ms)
		EndReloadAssembly (907ms)
			LoadAssemblies (85ms)
			RebuildTransferFunctionScriptingTraits (0ms)
			SetupTypeCache (308ms)
			ReleaseScriptCaches (1ms)
			RebuildScriptCaches (43ms)
			SetupLoadedEditorAssemblies (374ms)
				LogAssemblyErrors (0ms)
				InitializePlatformSupportModulesInManaged (7ms)
				SetLoadedEditorAssemblies (0ms)
				RefreshPlugins (1ms)
				BeforeProcessingInitializeOnLoad (58ms)
				ProcessInitializeOnLoadAttributes (297ms)
				ProcessInitializeOnLoadMethodAttributes (4ms)
				AfterProcessingInitializeOnLoad (7ms)
				EditorAssembliesLoaded (0ms)
			ExecutionOrderSort2 (0ms)
			AwakeInstancesAfterBackupRestoration (9ms)
Platform modules already initialized, skipping
Refreshing native plugins compatible for Editor in 0.61 ms, found 3 plugins.
Preloading 0 native plugins for Editor in 0.00 ms.
Unloading 3328 Unused Serialized files (Serialized files now loaded: 0)
System memory in use before: 127.6 MB.
System memory in use after: 127.8 MB.

Unloading 18 unused Assets to reduce memory usage. Loaded Objects now: 3864.
Total: 2.952400 ms (FindLiveObjects: 0.209600 ms CreateObjectMapping: 0.119300 ms MarkObjects: 2.572400 ms  DeleteObjects: 0.050300 ms)

AssetImportParameters requested are different than current active one (requested -> active):
  custom:framework-win-MediaFoundation: 216162199b28c13a410421893ffa2e32 -> 
  custom:video-decoder-ogg-theora: a1e56fd34408186e4bbccfd4996cb3dc -> 
  custom:container-muxer-webm: aa71ff27fc2769a1b78a27578f13a17b -> 
  custom:container-demuxer-webm: 4f35f7cbe854078d1ac9338744f61a02 -> 
  custom:container-demuxer-ogg: 62fdf1f143b41e24485cea50d1cbac27 -> 
  custom:video-encoder-webm-vp8: eb34c28f22e8b96e1ab97ce403110664 -> 
  custom:video-decoder-webm-vp8: 9c59270c3fd7afecdb556c50c9e8de78 -> 
  custom:audio-decoder-ogg-vorbis: bf7c407c2cedff20999df2af8eb42d56 -> 
  custom:audio-encoder-webm-vorbis: bf7c407c2cedff20999df2af8eb42d56 -> 
========================================================================
Received Import Request.
  Time since last request: 6164.897361 seconds.
  path: Assets/Scripts/InputHandler.cs
  artifactKey: Guid(121b9b12b38c7994b91888a2328679f7) Importer(815301076,1909f56bfc062723c751e8b465ee728b)
Start importing Assets/Scripts/InputHandler.cs using Guid(121b9b12b38c7994b91888a2328679f7) Importer(815301076,1909f56bfc062723c751e8b465ee728b)  -> (artifact id: '59eea5697196470688fd7ee7d68bd54b') in 0.008231 seconds 
========================================================================
Received Prepare
Registering precompiled user dll's ...
Registered in 0.004400 seconds.
Begin MonoManager ReloadAssembly
Symbol file LoadedFromMemory doesn't match image C:\temp\Riley\U13---Practical\Library\PackageCache\com.unity.visualscripting@1.6.1\Editor\VisualScripting.Core\Dependencies\YamlDotNet\Unity.VisualScripting.YamlDotNet.dll
Symbol file LoadedFromMemory doesn't match image C:\temp\Riley\U13---Practical\Library\PackageCache\com.unity.visualscripting@1.6.1\Editor\VisualScripting.Core\Dependencies\DotNetZip\Unity.VisualScripting.IonicZip.dll
Native extension for LinuxStandalone target not found
Native extension for WindowsStandalone target not found
Native extension for OSXStandalone target not found
Native extension for WebGL target not found
Refreshing native plugins compatible for Editor in 0.57 ms, found 3 plugins.
Preloading 0 native plugins for Editor in 0.00 ms.
Mono: successfully reloaded assembly
- Completed reload, in  1.042 seconds
Domain Reload Profiling:
	ReloadAssembly (1042ms)
		BeginReloadAssembly (125ms)
			ExecutionOrderSort (0ms)
			DisableScriptedObjects (5ms)
			BackupInstance (0ms)
			ReleaseScriptingObjects (0ms)
			CreateAndSetChildDomain (34ms)
		EndReloadAssembly (862ms)
			LoadAssemblies (83ms)
			RebuildTransferFunctionScriptingTraits (0ms)
			SetupTypeCache (307ms)
			ReleaseScriptCaches (1ms)
			RebuildScriptCaches (37ms)
			SetupLoadedEditorAssemblies (345ms)
				LogAssemblyErrors (0ms)
				InitializePlatformSupportModulesInManaged (8ms)
				SetLoadedEditorAssemblies (0ms)
				RefreshPlugins (1ms)
				BeforeProcessingInitializeOnLoad (58ms)
				ProcessInitializeOnLoadAttributes (269ms)
				ProcessInitializeOnLoadMethodAttributes (4ms)
				AfterProcessingInitializeOnLoad (6ms)
				EditorAssembliesLoaded (0ms)
			ExecutionOrderSort2 (0ms)
			AwakeInstancesAfterBackupRestoration (10ms)
Platform modules already initialized, skipping
Refreshing native plugins compatible for Editor in 0.56 ms, found 3 plugins.
Preloading 0 native plugins for Editor in 0.00 ms.
Unloading 3328 Unused Serialized files (Serialized files now loaded: 0)
System memory in use before: 127.6 MB.
System memory in use after: 127.9 MB.

Unloading 18 unused Assets to reduce memory usage. Loaded Objects now: 3866.
Total: 2.987200 ms (FindLiveObjects: 0.253900 ms CreateObjectMapping: 0.154200 ms MarkObjects: 2.527400 ms  DeleteObjects: 0.050900 ms)

AssetImportParameters requested are different than current active one (requested -> active):
  custom:framework-win-MediaFoundation: 216162199b28c13a410421893ffa2e32 -> 
  custom:video-decoder-ogg-theora: a1e56fd34408186e4bbccfd4996cb3dc -> 
  custom:container-muxer-webm: aa71ff27fc2769a1b78a27578f13a17b -> 
  custom:container-demuxer-webm: 4f35f7cbe854078d1ac9338744f61a02 -> 
  custom:container-demuxer-ogg: 62fdf1f143b41e24485cea50d1cbac27 -> 
  custom:video-encoder-webm-vp8: eb34c28f22e8b96e1ab97ce403110664 -> 
  custom:video-decoder-webm-vp8: 9c59270c3fd7afecdb556c50c9e8de78 -> 
  custom:audio-decoder-ogg-vorbis: bf7c407c2cedff20999df2af8eb42d56 -> 
  custom:audio-encoder-webm-vorbis: bf7c407c2cedff20999df2af8eb42d56 -> 
========================================================================
Received Prepare
Registering precompiled user dll's ...
Registered in 0.004813 seconds.
Begin MonoManager ReloadAssembly
Symbol file LoadedFromMemory doesn't match image C:\temp\Riley\U13---Practical\Library\PackageCache\com.unity.visualscripting@1.6.1\Editor\VisualScripting.Core\Dependencies\YamlDotNet\Unity.VisualScripting.YamlDotNet.dll
Symbol file LoadedFromMemory doesn't match image C:\temp\Riley\U13---Practical\Library\PackageCache\com.unity.visualscripting@1.6.1\Editor\VisualScripting.Core\Dependencies\DotNetZip\Unity.VisualScripting.IonicZip.dll
Native extension for LinuxStandalone target not found
Native extension for WindowsStandalone target not found
Native extension for OSXStandalone target not found
Native extension for WebGL target not found
Refreshing native plugins compatible for Editor in 0.57 ms, found 3 plugins.
Preloading 0 native plugins for Editor in 0.00 ms.
Mono: successfully reloaded assembly
- Completed reload, in  1.044 seconds
Domain Reload Profiling:
	ReloadAssembly (1045ms)
		BeginReloadAssembly (110ms)
			ExecutionOrderSort (0ms)
			DisableScriptedObjects (6ms)
			BackupInstance (0ms)
			ReleaseScriptingObjects (0ms)
			CreateAndSetChildDomain (32ms)
		EndReloadAssembly (881ms)
			LoadAssemblies (87ms)
			RebuildTransferFunctionScriptingTraits (0ms)
			SetupTypeCache (322ms)
			ReleaseScriptCaches (1ms)
			RebuildScriptCaches (37ms)
			SetupLoadedEditorAssemblies (346ms)
				LogAssemblyErrors (0ms)
				InitializePlatformSupportModulesInManaged (7ms)
				SetLoadedEditorAssemblies (0ms)
				RefreshPlugins (1ms)
				BeforeProcessingInitializeOnLoad (55ms)
				ProcessInitializeOnLoadAttributes (273ms)
				ProcessInitializeOnLoadMethodAttributes (4ms)
				AfterProcessingInitializeOnLoad (5ms)
				EditorAssembliesLoaded (0ms)
			ExecutionOrderSort2 (0ms)
			AwakeInstancesAfterBackupRestoration (9ms)
Platform modules already initialized, skipping
Refreshing native plugins compatible for Editor in 0.57 ms, found 3 plugins.
Preloading 0 native plugins for Editor in 0.00 ms.
Unloading 3328 Unused Serialized files (Serialized files now loaded: 0)
System memory in use before: 127.7 MB.
System memory in use after: 127.9 MB.

Unloading 18 unused Assets to reduce memory usage. Loaded Objects now: 3868.
Total: 3.036800 ms (FindLiveObjects: 0.229000 ms CreateObjectMapping: 0.131900 ms MarkObjects: 2.625100 ms  DeleteObjects: 0.050100 ms)

AssetImportParameters requested are different than current active one (requested -> active):
  custom:framework-win-MediaFoundation: 216162199b28c13a410421893ffa2e32 -> 
  custom:video-decoder-ogg-theora: a1e56fd34408186e4bbccfd4996cb3dc -> 
  custom:container-muxer-webm: aa71ff27fc2769a1b78a27578f13a17b -> 
  custom:container-demuxer-webm: 4f35f7cbe854078d1ac9338744f61a02 -> 
  custom:container-demuxer-ogg: 62fdf1f143b41e24485cea50d1cbac27 -> 
  custom:video-encoder-webm-vp8: eb34c28f22e8b96e1ab97ce403110664 -> 
  custom:video-decoder-webm-vp8: 9c59270c3fd7afecdb556c50c9e8de78 -> 
  custom:audio-decoder-ogg-vorbis: bf7c407c2cedff20999df2af8eb42d56 -> 
  custom:audio-encoder-webm-vorbis: bf7c407c2cedff20999df2af8eb42d56 -> 
========================================================================
Received Prepare
Registering precompiled user dll's ...
Registered in 0.004376 seconds.
Begin MonoManager ReloadAssembly
Symbol file LoadedFromMemory doesn't match image C:\temp\Riley\U13---Practical\Library\PackageCache\com.unity.visualscripting@1.6.1\Editor\VisualScripting.Core\Dependencies\YamlDotNet\Unity.VisualScripting.YamlDotNet.dll
Symbol file LoadedFromMemory doesn't match image C:\temp\Riley\U13---Practical\Library\PackageCache\com.unity.visualscripting@1.6.1\Editor\VisualScripting.Core\Dependencies\DotNetZip\Unity.VisualScripting.IonicZip.dll
Native extension for LinuxStandalone target not found
Native extension for WindowsStandalone target not found
Native extension for OSXStandalone target not found
Native extension for WebGL target not found
Refreshing native plugins compatible for Editor in 0.55 ms, found 3 plugins.
Preloading 0 native plugins for Editor in 0.00 ms.
Mono: successfully reloaded assembly
- Completed reload, in  1.032 seconds
Domain Reload Profiling:
	ReloadAssembly (1032ms)
		BeginReloadAssembly (120ms)
			ExecutionOrderSort (0ms)
			DisableScriptedObjects (6ms)
			BackupInstance (0ms)
			ReleaseScriptingObjects (0ms)
			CreateAndSetChildDomain (32ms)
		EndReloadAssembly (856ms)
			LoadAssemblies (83ms)
			RebuildTransferFunctionScriptingTraits (0ms)
			SetupTypeCache (311ms)
			ReleaseScriptCaches (1ms)
			RebuildScriptCaches (37ms)
			SetupLoadedEditorAssemblies (337ms)
				LogAssemblyErrors (0ms)
				InitializePlatformSupportModulesInManaged (7ms)
				SetLoadedEditorAssemblies (0ms)
				RefreshPlugins (1ms)
				BeforeProcessingInitializeOnLoad (61ms)
				ProcessInitializeOnLoadAttributes (259ms)
				ProcessInitializeOnLoadMethodAttributes (4ms)
				AfterProcessingInitializeOnLoad (6ms)
				EditorAssembliesLoaded (0ms)
			ExecutionOrderSort2 (0ms)
			AwakeInstancesAfterBackupRestoration (9ms)
Platform modules already initialized, skipping
Refreshing native plugins compatible for Editor in 0.72 ms, found 3 plugins.
Preloading 0 native plugins for Editor in 0.00 ms.
Unloading 3328 Unused Serialized files (Serialized files now loaded: 0)
System memory in use before: 127.7 MB.
System memory in use after: 127.9 MB.

Unloading 18 unused Assets to reduce memory usage. Loaded Objects now: 3870.
Total: 3.206500 ms (FindLiveObjects: 0.236500 ms CreateObjectMapping: 0.151500 ms MarkObjects: 2.762900 ms  DeleteObjects: 0.054800 ms)

AssetImportParameters requested are different than current active one (requested -> active):
  custom:framework-win-MediaFoundation: 216162199b28c13a410421893ffa2e32 -> 
  custom:video-decoder-ogg-theora: a1e56fd34408186e4bbccfd4996cb3dc -> 
  custom:container-muxer-webm: aa71ff27fc2769a1b78a27578f13a17b -> 
  custom:container-demuxer-webm: 4f35f7cbe854078d1ac9338744f61a02 -> 
  custom:container-demuxer-ogg: 62fdf1f143b41e24485cea50d1cbac27 -> 
  custom:video-encoder-webm-vp8: eb34c28f22e8b96e1ab97ce403110664 -> 
  custom:video-decoder-webm-vp8: 9c59270c3fd7afecdb556c50c9e8de78 -> 
  custom:audio-decoder-ogg-vorbis: bf7c407c2cedff20999df2af8eb42d56 -> 
  custom:audio-encoder-webm-vorbis: bf7c407c2cedff20999df2af8eb42d56 -> 
========================================================================
Received Prepare
Registering precompiled user dll's ...
Registered in 0.004401 seconds.
Begin MonoManager ReloadAssembly
Symbol file LoadedFromMemory doesn't match image C:\temp\Riley\U13---Practical\Library\PackageCache\com.unity.visualscripting@1.6.1\Editor\VisualScripting.Core\Dependencies\YamlDotNet\Unity.VisualScripting.YamlDotNet.dll
Symbol file LoadedFromMemory doesn't match image C:\temp\Riley\U13---Practical\Library\PackageCache\com.unity.visualscripting@1.6.1\Editor\VisualScripting.Core\Dependencies\DotNetZip\Unity.VisualScripting.IonicZip.dll
Native extension for LinuxStandalone target not found
Native extension for WindowsStandalone target not found
Native extension for OSXStandalone target not found
Native extension for WebGL target not found
Refreshing native plugins compatible for Editor in 0.62 ms, found 3 plugins.
Preloading 0 native plugins for Editor in 0.00 ms.
Mono: successfully reloaded assembly
- Completed reload, in  1.016 seconds
Domain Reload Profiling:
	ReloadAssembly (1016ms)
		BeginReloadAssembly (118ms)
			ExecutionOrderSort (0ms)
			DisableScriptedObjects (5ms)
			BackupInstance (0ms)
			ReleaseScriptingObjects (0ms)
			CreateAndSetChildDomain (31ms)
		EndReloadAssembly (845ms)
			LoadAssemblies (83ms)
			RebuildTransferFunctionScriptingTraits (0ms)
			SetupTypeCache (300ms)
			ReleaseScriptCaches (1ms)
			RebuildScriptCaches (37ms)
			SetupLoadedEditorAssemblies (334ms)
				LogAssemblyErrors (0ms)
				InitializePlatformSupportModulesInManaged (7ms)
				SetLoadedEditorAssemblies (1ms)
				RefreshPlugins (1ms)
				BeforeProcessingInitializeOnLoad (57ms)
				ProcessInitializeOnLoadAttributes (259ms)
				ProcessInitializeOnLoadMethodAttributes (4ms)
				AfterProcessingInitializeOnLoad (6ms)
				EditorAssembliesLoaded (0ms)
			ExecutionOrderSort2 (0ms)
			AwakeInstancesAfterBackupRestoration (9ms)
Platform modules already initialized, skipping
Refreshing native plugins compatible for Editor in 0.56 ms, found 3 plugins.
Preloading 0 native plugins for Editor in 0.00 ms.
Unloading 3328 Unused Serialized files (Serialized files now loaded: 0)
System memory in use before: 127.7 MB.
System memory in use after: 127.9 MB.

Unloading 18 unused Assets to reduce memory usage. Loaded Objects now: 3872.
Total: 3.348100 ms (FindLiveObjects: 0.252000 ms CreateObjectMapping: 0.158000 ms MarkObjects: 2.873400 ms  DeleteObjects: 0.063800 ms)

AssetImportParameters requested are different than current active one (requested -> active):
  custom:framework-win-MediaFoundation: 216162199b28c13a410421893ffa2e32 -> 
  custom:video-decoder-ogg-theora: a1e56fd34408186e4bbccfd4996cb3dc -> 
  custom:container-muxer-webm: aa71ff27fc2769a1b78a27578f13a17b -> 
  custom:container-demuxer-webm: 4f35f7cbe854078d1ac9338744f61a02 -> 
  custom:container-demuxer-ogg: 62fdf1f143b41e24485cea50d1cbac27 -> 
  custom:video-encoder-webm-vp8: eb34c28f22e8b96e1ab97ce403110664 -> 
  custom:video-decoder-webm-vp8: 9c59270c3fd7afecdb556c50c9e8de78 -> 
  custom:audio-decoder-ogg-vorbis: bf7c407c2cedff20999df2af8eb42d56 -> 
  custom:audio-encoder-webm-vorbis: bf7c407c2cedff20999df2af8eb42d56 -> 
========================================================================
Received Prepare
Registering precompiled user dll's ...
Registered in 0.004706 seconds.
Begin MonoManager ReloadAssembly
Symbol file LoadedFromMemory doesn't match image C:\temp\Riley\U13---Practical\Library\PackageCache\com.unity.visualscripting@1.6.1\Editor\VisualScripting.Core\Dependencies\YamlDotNet\Unity.VisualScripting.YamlDotNet.dll
Symbol file LoadedFromMemory doesn't match image C:\temp\Riley\U13---Practical\Library\PackageCache\com.unity.visualscripting@1.6.1\Editor\VisualScripting.Core\Dependencies\DotNetZip\Unity.VisualScripting.IonicZip.dll
Native extension for LinuxStandalone target not found
Native extension for WindowsStandalone target not found
Native extension for OSXStandalone target not found
Native extension for WebGL target not found
Refreshing native plugins compatible for Editor in 0.55 ms, found 3 plugins.
Preloading 0 native plugins for Editor in 0.00 ms.
Mono: successfully reloaded assembly
- Completed reload, in  1.133 seconds
Domain Reload Profiling:
	ReloadAssembly (1134ms)
		BeginReloadAssembly (211ms)
			ExecutionOrderSort (0ms)
			DisableScriptedObjects (10ms)
			BackupInstance (0ms)
			ReleaseScriptingObjects (0ms)
			CreateAndSetChildDomain (68ms)
		EndReloadAssembly (867ms)
			LoadAssemblies (100ms)
			RebuildTransferFunctionScriptingTraits (0ms)
			SetupTypeCache (316ms)
			ReleaseScriptCaches (1ms)
			RebuildScriptCaches (37ms)
			SetupLoadedEditorAssemblies (336ms)
				LogAssemblyErrors (0ms)
				InitializePlatformSupportModulesInManaged (7ms)
				SetLoadedEditorAssemblies (0ms)
				RefreshPlugins (1ms)
				BeforeProcessingInitializeOnLoad (55ms)
				ProcessInitializeOnLoadAttributes (264ms)
				ProcessInitializeOnLoadMethodAttributes (4ms)
				AfterProcessingInitializeOnLoad (5ms)
				EditorAssembliesLoaded (0ms)
			ExecutionOrderSort2 (0ms)
			AwakeInstancesAfterBackupRestoration (10ms)
Platform modules already initialized, skipping
Refreshing native plugins compatible for Editor in 0.56 ms, found 3 plugins.
Preloading 0 native plugins for Editor in 0.00 ms.
Unloading 3328 Unused Serialized files (Serialized files now loaded: 0)
System memory in use before: 127.7 MB.
System memory in use after: 127.9 MB.

Unloading 18 unused Assets to reduce memory usage. Loaded Objects now: 3874.
Total: 3.419300 ms (FindLiveObjects: 0.207600 ms CreateObjectMapping: 0.165900 ms MarkObjects: 2.853800 ms  DeleteObjects: 0.190900 ms)

AssetImportParameters requested are different than current active one (requested -> active):
  custom:framework-win-MediaFoundation: 216162199b28c13a410421893ffa2e32 -> 
  custom:video-decoder-ogg-theora: a1e56fd34408186e4bbccfd4996cb3dc -> 
  custom:container-muxer-webm: aa71ff27fc2769a1b78a27578f13a17b -> 
  custom:container-demuxer-webm: 4f35f7cbe854078d1ac9338744f61a02 -> 
  custom:container-demuxer-ogg: 62fdf1f143b41e24485cea50d1cbac27 -> 
  custom:video-encoder-webm-vp8: eb34c28f22e8b96e1ab97ce403110664 -> 
  custom:video-decoder-webm-vp8: 9c59270c3fd7afecdb556c50c9e8de78 -> 
  custom:audio-decoder-ogg-vorbis: bf7c407c2cedff20999df2af8eb42d56 -> 
  custom:audio-encoder-webm-vorbis: bf7c407c2cedff20999df2af8eb42d56 -> 
AssetImportWorkerClient::OnTransportError - code=2 error=End of file
